{"/Users/natedeakers/Desktop/Rithm_Exercises/Week_7/express-jobly/app.js": {"path":"/Users/natedeakers/Desktop/Rithm_Exercises/Week_7/express-jobly/app.js","statementMap":{"0":{"start":{"line":5,"column":16},"end":{"line":5,"column":34}},"1":{"start":{"line":6,"column":13},"end":{"line":6,"column":28}},"2":{"start":{"line":8,"column":26},"end":{"line":8,"column":51}},"3":{"start":{"line":10,"column":28},"end":{"line":10,"column":56}},"4":{"start":{"line":11,"column":19},"end":{"line":11,"column":43}},"5":{"start":{"line":12,"column":24},"end":{"line":12,"column":53}},"6":{"start":{"line":13,"column":20},"end":{"line":13,"column":45}},"7":{"start":{"line":15,"column":15},"end":{"line":15,"column":32}},"8":{"start":{"line":17,"column":12},"end":{"line":17,"column":21}},"9":{"start":{"line":19,"column":0},"end":{"line":19,"column":16}},"10":{"start":{"line":20,"column":0},"end":{"line":20,"column":24}},"11":{"start":{"line":21,"column":0},"end":{"line":21,"column":24}},"12":{"start":{"line":22,"column":0},"end":{"line":22,"column":25}},"13":{"start":{"line":24,"column":0},"end":{"line":24,"column":29}},"14":{"start":{"line":25,"column":0},"end":{"line":25,"column":39}},"15":{"start":{"line":26,"column":0},"end":{"line":26,"column":31}},"16":{"start":{"line":30,"column":0},"end":{"line":32,"column":3}},"17":{"start":{"line":31,"column":2},"end":{"line":31,"column":35}},"18":{"start":{"line":35,"column":0},"end":{"line":43,"column":3}},"19":{"start":{"line":36,"column":2},"end":{"line":36,"column":64}},"20":{"start":{"line":36,"column":39},"end":{"line":36,"column":64}},"21":{"start":{"line":37,"column":17},"end":{"line":37,"column":34}},"22":{"start":{"line":38,"column":18},"end":{"line":38,"column":29}},"23":{"start":{"line":40,"column":2},"end":{"line":42,"column":5}},"24":{"start":{"line":45,"column":0},"end":{"line":45,"column":21}}},"fnMap":{"0":{"name":"(anonymous_0)","decl":{"start":{"line":30,"column":8},"end":{"line":30,"column":9}},"loc":{"start":{"line":30,"column":34},"end":{"line":32,"column":1}},"line":30},"1":{"name":"(anonymous_1)","decl":{"start":{"line":35,"column":8},"end":{"line":35,"column":9}},"loc":{"start":{"line":35,"column":39},"end":{"line":43,"column":1}},"line":35}},"branchMap":{"0":{"loc":{"start":{"line":36,"column":2},"end":{"line":36,"column":64}},"type":"if","locations":[{"start":{"line":36,"column":2},"end":{"line":36,"column":64}},{"start":{"line":36,"column":2},"end":{"line":36,"column":64}}],"line":36},"1":{"loc":{"start":{"line":37,"column":17},"end":{"line":37,"column":34}},"type":"binary-expr","locations":[{"start":{"line":37,"column":17},"end":{"line":37,"column":27}},{"start":{"line":37,"column":31},"end":{"line":37,"column":34}}],"line":37}},"s":{"0":4,"1":4,"2":4,"3":4,"4":4,"5":4,"6":4,"7":4,"8":4,"9":4,"10":4,"11":4,"12":4,"13":4,"14":4,"15":4,"16":4,"17":2,"18":4,"19":30,"20":1,"21":30,"22":30,"23":30,"24":4},"f":{"0":2,"1":30},"b":{"0":[1,29],"1":[30,2]},"_coverageSchema":"1a1c01bbd47fc00a2c39e90264f33305004495a9","hash":"5bf6089e7e883446958576bdd9f969ed2c07bd69"}
,"/Users/natedeakers/Desktop/Rithm_Exercises/Week_7/express-jobly/config.js": {"path":"/Users/natedeakers/Desktop/Rithm_Exercises/Week_7/express-jobly/config.js","statementMap":{"0":{"start":{"line":5,"column":0},"end":{"line":5,"column":27}},"1":{"start":{"line":6,"column":0},"end":{"line":6,"column":18}},"2":{"start":{"line":8,"column":19},"end":{"line":8,"column":57}},"3":{"start":{"line":10,"column":13},"end":{"line":10,"column":38}},"4":{"start":{"line":14,"column":2},"end":{"line":16,"column":44}},"5":{"start":{"line":22,"column":27},"end":{"line":22,"column":67}},"6":{"start":{"line":24,"column":0},"end":{"line":24,"column":35}},"7":{"start":{"line":25,"column":0},"end":{"line":25,"column":46}},"8":{"start":{"line":26,"column":0},"end":{"line":26,"column":45}},"9":{"start":{"line":27,"column":0},"end":{"line":27,"column":61}},"10":{"start":{"line":28,"column":0},"end":{"line":28,"column":50}},"11":{"start":{"line":29,"column":0},"end":{"line":29,"column":19}},"12":{"start":{"line":31,"column":0},"end":{"line":36,"column":2}}},"fnMap":{"0":{"name":"getDatabaseUri","decl":{"start":{"line":13,"column":9},"end":{"line":13,"column":23}},"loc":{"start":{"line":13,"column":26},"end":{"line":17,"column":1}},"line":13}},"branchMap":{"0":{"loc":{"start":{"line":8,"column":19},"end":{"line":8,"column":57}},"type":"binary-expr","locations":[{"start":{"line":8,"column":19},"end":{"line":8,"column":41}},{"start":{"line":8,"column":45},"end":{"line":8,"column":57}}],"line":8},"1":{"loc":{"start":{"line":10,"column":13},"end":{"line":10,"column":38}},"type":"binary-expr","locations":[{"start":{"line":10,"column":13},"end":{"line":10,"column":30}},{"start":{"line":10,"column":34},"end":{"line":10,"column":38}}],"line":10},"2":{"loc":{"start":{"line":14,"column":9},"end":{"line":16,"column":43}},"type":"cond-expr","locations":[{"start":{"line":15,"column":8},"end":{"line":15,"column":20}},{"start":{"line":16,"column":8},"end":{"line":16,"column":43}}],"line":14},"3":{"loc":{"start":{"line":16,"column":8},"end":{"line":16,"column":43}},"type":"binary-expr","locations":[{"start":{"line":16,"column":8},"end":{"line":16,"column":32}},{"start":{"line":16,"column":36},"end":{"line":16,"column":43}}],"line":16},"4":{"loc":{"start":{"line":22,"column":27},"end":{"line":22,"column":67}},"type":"cond-expr","locations":[{"start":{"line":22,"column":61},"end":{"line":22,"column":62}},{"start":{"line":22,"column":65},"end":{"line":22,"column":67}}],"line":22}},"s":{"0":9,"1":9,"2":9,"3":9,"4":18,"5":9,"6":9,"7":9,"8":9,"9":9,"10":9,"11":9,"12":9},"f":{"0":18},"b":{"0":[9,8],"1":[9,8],"2":[15,3],"3":[3,1],"4":[8,1]},"_coverageSchema":"1a1c01bbd47fc00a2c39e90264f33305004495a9","hash":"3296e3ef67d24077e26f17fd0c596459d6669391"}
,"/Users/natedeakers/Desktop/Rithm_Exercises/Week_7/express-jobly/db.js": {"path":"/Users/natedeakers/Desktop/Rithm_Exercises/Week_7/express-jobly/db.js","statementMap":{"0":{"start":{"line":5,"column":19},"end":{"line":5,"column":32}},"1":{"start":{"line":6,"column":27},"end":{"line":6,"column":46}},"2":{"start":{"line":8,"column":11},"end":{"line":10,"column":2}},"3":{"start":{"line":12,"column":0},"end":{"line":12,"column":13}},"4":{"start":{"line":14,"column":0},"end":{"line":14,"column":20}}},"fnMap":{},"branchMap":{},"s":{"0":6,"1":6,"2":6,"3":6,"4":6},"f":{},"b":{},"_coverageSchema":"1a1c01bbd47fc00a2c39e90264f33305004495a9","hash":"acd44811f6303052c3fb3dfe78de5b383f82ccc5"}
,"/Users/natedeakers/Desktop/Rithm_Exercises/Week_7/express-jobly/expressError.js": {"path":"/Users/natedeakers/Desktop/Rithm_Exercises/Week_7/express-jobly/expressError.js","statementMap":{"0":{"start":{"line":9,"column":4},"end":{"line":9,"column":12}},"1":{"start":{"line":10,"column":4},"end":{"line":10,"column":27}},"2":{"start":{"line":11,"column":4},"end":{"line":11,"column":25}},"3":{"start":{"line":19,"column":4},"end":{"line":19,"column":24}},"4":{"start":{"line":27,"column":4},"end":{"line":27,"column":24}},"5":{"start":{"line":35,"column":4},"end":{"line":35,"column":24}},"6":{"start":{"line":43,"column":4},"end":{"line":43,"column":24}},"7":{"start":{"line":47,"column":0},"end":{"line":53,"column":2}}},"fnMap":{"0":{"name":"(anonymous_0)","decl":{"start":{"line":8,"column":2},"end":{"line":8,"column":3}},"loc":{"start":{"line":8,"column":31},"end":{"line":12,"column":3}},"line":8},"1":{"name":"(anonymous_1)","decl":{"start":{"line":18,"column":2},"end":{"line":18,"column":3}},"loc":{"start":{"line":18,"column":37},"end":{"line":20,"column":3}},"line":18},"2":{"name":"(anonymous_2)","decl":{"start":{"line":26,"column":2},"end":{"line":26,"column":3}},"loc":{"start":{"line":26,"column":40},"end":{"line":28,"column":3}},"line":26},"3":{"name":"(anonymous_3)","decl":{"start":{"line":34,"column":2},"end":{"line":34,"column":3}},"loc":{"start":{"line":34,"column":39},"end":{"line":36,"column":3}},"line":34},"4":{"name":"(anonymous_4)","decl":{"start":{"line":42,"column":2},"end":{"line":42,"column":3}},"loc":{"start":{"line":42,"column":39},"end":{"line":44,"column":3}},"line":42}},"branchMap":{"0":{"loc":{"start":{"line":18,"column":14},"end":{"line":18,"column":35}},"type":"default-arg","locations":[{"start":{"line":18,"column":24},"end":{"line":18,"column":35}}],"line":18},"1":{"loc":{"start":{"line":26,"column":14},"end":{"line":26,"column":38}},"type":"default-arg","locations":[{"start":{"line":26,"column":24},"end":{"line":26,"column":38}}],"line":26},"2":{"loc":{"start":{"line":34,"column":14},"end":{"line":34,"column":37}},"type":"default-arg","locations":[{"start":{"line":34,"column":24},"end":{"line":34,"column":37}}],"line":34},"3":{"loc":{"start":{"line":42,"column":14},"end":{"line":42,"column":37}},"type":"default-arg","locations":[{"start":{"line":42,"column":24},"end":{"line":42,"column":37}}],"line":42}},"s":{"0":44,"1":44,"2":44,"3":14,"4":12,"5":18,"6":0,"7":8},"f":{"0":44,"1":14,"2":12,"3":18,"4":0},"b":{"0":[2],"1":[8],"2":[0],"3":[0]},"_coverageSchema":"1a1c01bbd47fc00a2c39e90264f33305004495a9","hash":"69139d43053e80a361d3e6b0822db865fa53f889"}
,"/Users/natedeakers/Desktop/Rithm_Exercises/Week_7/express-jobly/helpers/sql.js": {"path":"/Users/natedeakers/Desktop/Rithm_Exercises/Week_7/express-jobly/helpers/sql.js","statementMap":{"0":{"start":{"line":1,"column":28},"end":{"line":1,"column":54}},"1":{"start":{"line":21,"column":2},"end":{"line":21,"column":46}},"2":{"start":{"line":22,"column":2},"end":{"line":22,"column":37}},"3":{"start":{"line":23,"column":15},"end":{"line":23,"column":40}},"4":{"start":{"line":24,"column":2},"end":{"line":24,"column":62}},"5":{"start":{"line":24,"column":25},"end":{"line":24,"column":62}},"6":{"start":{"line":27,"column":15},"end":{"line":29,"column":3}},"7":{"start":{"line":28,"column":4},"end":{"line":28,"column":50}},"8":{"start":{"line":31,"column":2},"end":{"line":34,"column":4}},"9":{"start":{"line":37,"column":0},"end":{"line":37,"column":41}}},"fnMap":{"0":{"name":"sqlForPartialUpdate","decl":{"start":{"line":20,"column":9},"end":{"line":20,"column":28}},"loc":{"start":{"line":20,"column":52},"end":{"line":35,"column":1}},"line":20},"1":{"name":"(anonymous_1)","decl":{"start":{"line":27,"column":24},"end":{"line":27,"column":25}},"loc":{"start":{"line":28,"column":4},"end":{"line":28,"column":50}},"line":28}},"branchMap":{"0":{"loc":{"start":{"line":24,"column":2},"end":{"line":24,"column":62}},"type":"if","locations":[{"start":{"line":24,"column":2},"end":{"line":24,"column":62}},{"start":{"line":24,"column":2},"end":{"line":24,"column":62}}],"line":24},"1":{"loc":{"start":{"line":28,"column":8},"end":{"line":28,"column":35}},"type":"binary-expr","locations":[{"start":{"line":28,"column":8},"end":{"line":28,"column":24}},{"start":{"line":28,"column":28},"end":{"line":28,"column":35}}],"line":28}},"s":{"0":7,"1":15,"2":15,"3":15,"4":15,"5":3,"6":12,"7":25,"8":12,"9":7},"f":{"0":15,"1":25},"b":{"0":[3,12],"1":[25,12]},"_coverageSchema":"1a1c01bbd47fc00a2c39e90264f33305004495a9","hash":"76a983ee106694849e24ec92205ad767a63a9cc9"}
,"/Users/natedeakers/Desktop/Rithm_Exercises/Week_7/express-jobly/helpers/tokens.js": {"path":"/Users/natedeakers/Desktop/Rithm_Exercises/Week_7/express-jobly/helpers/tokens.js","statementMap":{"0":{"start":{"line":1,"column":12},"end":{"line":1,"column":35}},"1":{"start":{"line":2,"column":23},"end":{"line":2,"column":43}},"2":{"start":{"line":7,"column":2},"end":{"line":8,"column":58}},"3":{"start":{"line":10,"column":16},"end":{"line":13,"column":3}},"4":{"start":{"line":15,"column":2},"end":{"line":15,"column":39}},"5":{"start":{"line":18,"column":0},"end":{"line":18,"column":33}}},"fnMap":{"0":{"name":"createToken","decl":{"start":{"line":6,"column":9},"end":{"line":6,"column":20}},"loc":{"start":{"line":6,"column":27},"end":{"line":16,"column":1}},"line":6}},"branchMap":{"0":{"loc":{"start":{"line":12,"column":13},"end":{"line":12,"column":34}},"type":"binary-expr","locations":[{"start":{"line":12,"column":13},"end":{"line":12,"column":25}},{"start":{"line":12,"column":29},"end":{"line":12,"column":34}}],"line":12}},"s":{"0":5,"1":5,"2":10,"3":10,"4":10,"5":5},"f":{"0":10},"b":{"0":[10,8]},"_coverageSchema":"1a1c01bbd47fc00a2c39e90264f33305004495a9","hash":"0016afe2588f6b2a712ad2796c994bb916db27a6"}
,"/Users/natedeakers/Desktop/Rithm_Exercises/Week_7/express-jobly/middleware/auth.js": {"path":"/Users/natedeakers/Desktop/Rithm_Exercises/Week_7/express-jobly/middleware/auth.js","statementMap":{"0":{"start":{"line":5,"column":12},"end":{"line":5,"column":35}},"1":{"start":{"line":6,"column":23},"end":{"line":6,"column":43}},"2":{"start":{"line":7,"column":30},"end":{"line":7,"column":56}},"3":{"start":{"line":19,"column":2},"end":{"line":29,"column":3}},"4":{"start":{"line":20,"column":23},"end":{"line":20,"column":63}},"5":{"start":{"line":21,"column":4},"end":{"line":21,"column":42}},"6":{"start":{"line":22,"column":4},"end":{"line":25,"column":5}},"7":{"start":{"line":23,"column":20},"end":{"line":23,"column":64}},"8":{"start":{"line":24,"column":6},"end":{"line":24,"column":54}},"9":{"start":{"line":26,"column":4},"end":{"line":26,"column":18}},"10":{"start":{"line":28,"column":4},"end":{"line":28,"column":18}},"11":{"start":{"line":38,"column":2},"end":{"line":43,"column":3}},"12":{"start":{"line":39,"column":4},"end":{"line":39,"column":56}},"13":{"start":{"line":39,"column":26},"end":{"line":39,"column":56}},"14":{"start":{"line":40,"column":4},"end":{"line":40,"column":18}},"15":{"start":{"line":42,"column":4},"end":{"line":42,"column":21}},"16":{"start":{"line":47,"column":0},"end":{"line":50,"column":2}}},"fnMap":{"0":{"name":"authenticateJWT","decl":{"start":{"line":18,"column":9},"end":{"line":18,"column":24}},"loc":{"start":{"line":18,"column":41},"end":{"line":30,"column":1}},"line":18},"1":{"name":"ensureLoggedIn","decl":{"start":{"line":37,"column":9},"end":{"line":37,"column":23}},"loc":{"start":{"line":37,"column":40},"end":{"line":44,"column":1}},"line":37}},"branchMap":{"0":{"loc":{"start":{"line":20,"column":23},"end":{"line":20,"column":63}},"type":"binary-expr","locations":[{"start":{"line":20,"column":23},"end":{"line":20,"column":34}},{"start":{"line":20,"column":38},"end":{"line":20,"column":63}}],"line":20},"1":{"loc":{"start":{"line":22,"column":4},"end":{"line":25,"column":5}},"type":"if","locations":[{"start":{"line":22,"column":4},"end":{"line":25,"column":5}},{"start":{"line":22,"column":4},"end":{"line":25,"column":5}}],"line":22},"2":{"loc":{"start":{"line":39,"column":4},"end":{"line":39,"column":56}},"type":"if","locations":[{"start":{"line":39,"column":4},"end":{"line":39,"column":56}},{"start":{"line":39,"column":4},"end":{"line":39,"column":56}}],"line":39}},"s":{"0":5,"1":5,"2":5,"3":48,"4":48,"5":48,"6":48,"7":26,"8":26,"9":47,"10":1,"11":32,"12":32,"13":8,"14":24,"15":8,"16":5},"f":{"0":48,"1":32},"b":{"0":[48,47],"1":[26,22],"2":[8,24]},"_coverageSchema":"1a1c01bbd47fc00a2c39e90264f33305004495a9","hash":"9f876489a5bb9a0cead71f1f7a5dcfe0a6d5567f"}
,"/Users/natedeakers/Desktop/Rithm_Exercises/Week_7/express-jobly/models/_testCommon.js": {"path":"/Users/natedeakers/Desktop/Rithm_Exercises/Week_7/express-jobly/models/_testCommon.js","statementMap":{"0":{"start":{"line":1,"column":15},"end":{"line":1,"column":32}},"1":{"start":{"line":3,"column":11},"end":{"line":3,"column":30}},"2":{"start":{"line":4,"column":31},"end":{"line":4,"column":51}},"3":{"start":{"line":8,"column":2},"end":{"line":8,"column":42}},"4":{"start":{"line":10,"column":2},"end":{"line":10,"column":38}},"5":{"start":{"line":12,"column":2},"end":{"line":16,"column":55}},"6":{"start":{"line":18,"column":2},"end":{"line":30,"column":9}},"7":{"start":{"line":34,"column":2},"end":{"line":34,"column":26}},"8":{"start":{"line":38,"column":2},"end":{"line":38,"column":29}},"9":{"start":{"line":42,"column":2},"end":{"line":42,"column":17}},"10":{"start":{"line":46,"column":0},"end":{"line":51,"column":2}}},"fnMap":{"0":{"name":"commonBeforeAll","decl":{"start":{"line":6,"column":15},"end":{"line":6,"column":30}},"loc":{"start":{"line":6,"column":33},"end":{"line":31,"column":1}},"line":6},"1":{"name":"commonBeforeEach","decl":{"start":{"line":33,"column":15},"end":{"line":33,"column":31}},"loc":{"start":{"line":33,"column":34},"end":{"line":35,"column":1}},"line":33},"2":{"name":"commonAfterEach","decl":{"start":{"line":37,"column":15},"end":{"line":37,"column":30}},"loc":{"start":{"line":37,"column":33},"end":{"line":39,"column":1}},"line":37},"3":{"name":"commonAfterAll","decl":{"start":{"line":41,"column":15},"end":{"line":41,"column":29}},"loc":{"start":{"line":41,"column":32},"end":{"line":43,"column":1}},"line":41}},"branchMap":{},"s":{"0":2,"1":2,"2":2,"3":2,"4":2,"5":2,"6":2,"7":33,"8":33,"9":2,"10":2},"f":{"0":2,"1":33,"2":33,"3":2},"b":{},"_coverageSchema":"1a1c01bbd47fc00a2c39e90264f33305004495a9","hash":"11b79b70a45ef62c49bbf96c198b41c2fdc78aa6"}
,"/Users/natedeakers/Desktop/Rithm_Exercises/Week_7/express-jobly/models/company.js": {"path":"/Users/natedeakers/Desktop/Rithm_Exercises/Week_7/express-jobly/models/company.js","statementMap":{"0":{"start":{"line":3,"column":11},"end":{"line":3,"column":27}},"1":{"start":{"line":4,"column":43},"end":{"line":4,"column":69}},"2":{"start":{"line":5,"column":32},"end":{"line":5,"column":57}},"3":{"start":{"line":20,"column":27},"end":{"line":24,"column":15}},"4":{"start":{"line":26,"column":4},"end":{"line":27,"column":64}},"5":{"start":{"line":27,"column":6},"end":{"line":27,"column":64}},"6":{"start":{"line":29,"column":19},"end":{"line":46,"column":5}},"7":{"start":{"line":47,"column":20},"end":{"line":47,"column":34}},"8":{"start":{"line":49,"column":4},"end":{"line":49,"column":19}},"9":{"start":{"line":58,"column":25},"end":{"line":65,"column":26}},"10":{"start":{"line":66,"column":4},"end":{"line":66,"column":29}},"11":{"start":{"line":78,"column":23},"end":{"line":86,"column":15}},"12":{"start":{"line":88,"column":20},"end":{"line":88,"column":38}},"13":{"start":{"line":90,"column":4},"end":{"line":90,"column":67}},"14":{"start":{"line":90,"column":18},"end":{"line":90,"column":67}},"15":{"start":{"line":92,"column":4},"end":{"line":92,"column":19}},"16":{"start":{"line":99,"column":17},"end":{"line":99,"column":37}},"17":{"start":{"line":101,"column":17},"end":{"line":113,"column":6}},"18":{"start":{"line":102,"column":6},"end":{"line":112,"column":7}},"19":{"start":{"line":103,"column":8},"end":{"line":103,"column":50}},"20":{"start":{"line":105,"column":11},"end":{"line":112,"column":7}},"21":{"start":{"line":106,"column":8},"end":{"line":106,"column":46}},"22":{"start":{"line":108,"column":11},"end":{"line":112,"column":7}},"23":{"start":{"line":109,"column":8},"end":{"line":109,"column":46}},"24":{"start":{"line":111,"column":8},"end":{"line":111,"column":61}},"25":{"start":{"line":114,"column":22},"end":{"line":114,"column":40}},"26":{"start":{"line":115,"column":4},"end":{"line":115,"column":23}},"27":{"start":{"line":123,"column":17},"end":{"line":123,"column":37}},"28":{"start":{"line":124,"column":4},"end":{"line":124,"column":64}},"29":{"start":{"line":124,"column":27},"end":{"line":124,"column":64}},"30":{"start":{"line":126,"column":4},"end":{"line":130,"column":5}},"31":{"start":{"line":127,"column":6},"end":{"line":129,"column":7}},"32":{"start":{"line":128,"column":8},"end":{"line":128,"column":86}},"33":{"start":{"line":132,"column":22},"end":{"line":132,"column":56}},"34":{"start":{"line":133,"column":19},"end":{"line":133,"column":41}},"35":{"start":{"line":134,"column":4},"end":{"line":134,"column":47}},"36":{"start":{"line":136,"column":4},"end":{"line":136,"column":37}},"37":{"start":{"line":137,"column":25},"end":{"line":144,"column":39}},"38":{"start":{"line":146,"column":4},"end":{"line":146,"column":29}},"39":{"start":{"line":163,"column":32},"end":{"line":168,"column":8}},"40":{"start":{"line":169,"column":25},"end":{"line":169,"column":50}},"41":{"start":{"line":171,"column":21},"end":{"line":175,"column":100}},"42":{"start":{"line":176,"column":19},"end":{"line":176,"column":64}},"43":{"start":{"line":177,"column":20},"end":{"line":177,"column":34}},"44":{"start":{"line":179,"column":4},"end":{"line":179,"column":67}},"45":{"start":{"line":179,"column":18},"end":{"line":179,"column":67}},"46":{"start":{"line":181,"column":4},"end":{"line":181,"column":19}},"47":{"start":{"line":190,"column":19},"end":{"line":195,"column":15}},"48":{"start":{"line":196,"column":20},"end":{"line":196,"column":34}},"49":{"start":{"line":198,"column":4},"end":{"line":198,"column":67}},"50":{"start":{"line":198,"column":18},"end":{"line":198,"column":67}},"51":{"start":{"line":203,"column":0},"end":{"line":203,"column":25}}},"fnMap":{"0":{"name":"(anonymous_0)","decl":{"start":{"line":19,"column":2},"end":{"line":19,"column":3}},"loc":{"start":{"line":19,"column":76},"end":{"line":50,"column":3}},"line":19},"1":{"name":"(anonymous_1)","decl":{"start":{"line":57,"column":2},"end":{"line":57,"column":3}},"loc":{"start":{"line":57,"column":25},"end":{"line":67,"column":3}},"line":57},"2":{"name":"(anonymous_2)","decl":{"start":{"line":77,"column":2},"end":{"line":77,"column":3}},"loc":{"start":{"line":77,"column":27},"end":{"line":93,"column":3}},"line":77},"3":{"name":"(anonymous_3)","decl":{"start":{"line":98,"column":2},"end":{"line":98,"column":3}},"loc":{"start":{"line":98,"column":36},"end":{"line":116,"column":3}},"line":98},"4":{"name":"(anonymous_4)","decl":{"start":{"line":101,"column":26},"end":{"line":101,"column":27}},"loc":{"start":{"line":101,"column":49},"end":{"line":113,"column":5}},"line":101},"5":{"name":"(anonymous_5)","decl":{"start":{"line":122,"column":2},"end":{"line":122,"column":3}},"loc":{"start":{"line":122,"column":37},"end":{"line":147,"column":3}},"line":122},"6":{"name":"(anonymous_6)","decl":{"start":{"line":162,"column":2},"end":{"line":162,"column":3}},"loc":{"start":{"line":162,"column":36},"end":{"line":182,"column":3}},"line":162},"7":{"name":"(anonymous_7)","decl":{"start":{"line":189,"column":2},"end":{"line":189,"column":3}},"loc":{"start":{"line":189,"column":30},"end":{"line":199,"column":3}},"line":189}},"branchMap":{"0":{"loc":{"start":{"line":26,"column":4},"end":{"line":27,"column":64}},"type":"if","locations":[{"start":{"line":26,"column":4},"end":{"line":27,"column":64}},{"start":{"line":26,"column":4},"end":{"line":27,"column":64}}],"line":26},"1":{"loc":{"start":{"line":90,"column":4},"end":{"line":90,"column":67}},"type":"if","locations":[{"start":{"line":90,"column":4},"end":{"line":90,"column":67}},{"start":{"line":90,"column":4},"end":{"line":90,"column":67}}],"line":90},"2":{"loc":{"start":{"line":102,"column":6},"end":{"line":112,"column":7}},"type":"if","locations":[{"start":{"line":102,"column":6},"end":{"line":112,"column":7}},{"start":{"line":102,"column":6},"end":{"line":112,"column":7}}],"line":102},"3":{"loc":{"start":{"line":105,"column":11},"end":{"line":112,"column":7}},"type":"if","locations":[{"start":{"line":105,"column":11},"end":{"line":112,"column":7}},{"start":{"line":105,"column":11},"end":{"line":112,"column":7}}],"line":105},"4":{"loc":{"start":{"line":108,"column":11},"end":{"line":112,"column":7}},"type":"if","locations":[{"start":{"line":108,"column":11},"end":{"line":112,"column":7}},{"start":{"line":108,"column":11},"end":{"line":112,"column":7}}],"line":108},"5":{"loc":{"start":{"line":124,"column":4},"end":{"line":124,"column":64}},"type":"if","locations":[{"start":{"line":124,"column":4},"end":{"line":124,"column":64}},{"start":{"line":124,"column":4},"end":{"line":124,"column":64}}],"line":124},"6":{"loc":{"start":{"line":126,"column":4},"end":{"line":130,"column":5}},"type":"if","locations":[{"start":{"line":126,"column":4},"end":{"line":130,"column":5}},{"start":{"line":126,"column":4},"end":{"line":130,"column":5}}],"line":126},"7":{"loc":{"start":{"line":126,"column":8},"end":{"line":126,"column":52}},"type":"binary-expr","locations":[{"start":{"line":126,"column":8},"end":{"line":126,"column":28}},{"start":{"line":126,"column":32},"end":{"line":126,"column":52}}],"line":126},"8":{"loc":{"start":{"line":127,"column":6},"end":{"line":129,"column":7}},"type":"if","locations":[{"start":{"line":127,"column":6},"end":{"line":129,"column":7}},{"start":{"line":127,"column":6},"end":{"line":129,"column":7}}],"line":127},"9":{"loc":{"start":{"line":179,"column":4},"end":{"line":179,"column":67}},"type":"if","locations":[{"start":{"line":179,"column":4},"end":{"line":179,"column":67}},{"start":{"line":179,"column":4},"end":{"line":179,"column":67}}],"line":179},"10":{"loc":{"start":{"line":198,"column":4},"end":{"line":198,"column":67}},"type":"if","locations":[{"start":{"line":198,"column":4},"end":{"line":198,"column":67}},{"start":{"line":198,"column":4},"end":{"line":198,"column":67}}],"line":198}},"s":{"0":5,"1":5,"2":5,"3":13,"4":13,"5":1,"6":12,"7":12,"8":12,"9":3,"10":2,"11":5,"12":5,"13":5,"14":2,"15":3,"16":6,"17":6,"18":13,"19":5,"20":8,"21":4,"22":4,"23":3,"24":1,"25":5,"26":5,"27":3,"28":3,"29":1,"30":2,"31":2,"32":0,"33":2,"34":2,"35":2,"36":2,"37":2,"38":2,"39":6,"40":5,"41":5,"42":5,"43":5,"44":5,"45":2,"46":3,"47":4,"48":4,"49":4,"50":2,"51":5},"f":{"0":13,"1":3,"2":5,"3":6,"4":13,"5":3,"6":6,"7":4},"b":{"0":[1,12],"1":[2,3],"2":[5,8],"3":[4,4],"4":[3,1],"5":[1,2],"6":[2,0],"7":[2,2],"8":[0,2],"9":[2,3],"10":[2,2]},"_coverageSchema":"1a1c01bbd47fc00a2c39e90264f33305004495a9","hash":"bc5a3358cbbbf4250c23fe9354655766249157d9"}
,"/Users/natedeakers/Desktop/Rithm_Exercises/Week_7/express-jobly/models/user.js": {"path":"/Users/natedeakers/Desktop/Rithm_Exercises/Week_7/express-jobly/models/user.js","statementMap":{"0":{"start":{"line":3,"column":11},"end":{"line":3,"column":27}},"1":{"start":{"line":4,"column":15},"end":{"line":4,"column":32}},"2":{"start":{"line":5,"column":32},"end":{"line":5,"column":57}},"3":{"start":{"line":10,"column":4},"end":{"line":10,"column":30}},"4":{"start":{"line":12,"column":31},"end":{"line":12,"column":54}},"5":{"start":{"line":26,"column":19},"end":{"line":36,"column":5}},"6":{"start":{"line":38,"column":17},"end":{"line":38,"column":31}},"7":{"start":{"line":40,"column":4},"end":{"line":47,"column":5}},"8":{"start":{"line":42,"column":22},"end":{"line":42,"column":67}},"9":{"start":{"line":43,"column":6},"end":{"line":46,"column":7}},"10":{"start":{"line":44,"column":8},"end":{"line":44,"column":29}},"11":{"start":{"line":45,"column":8},"end":{"line":45,"column":20}},"12":{"start":{"line":49,"column":4},"end":{"line":49,"column":61}},"13":{"start":{"line":61,"column":27},"end":{"line":66,"column":5}},"14":{"start":{"line":68,"column":4},"end":{"line":70,"column":5}},"15":{"start":{"line":69,"column":6},"end":{"line":69,"column":67}},"16":{"start":{"line":72,"column":27},"end":{"line":72,"column":74}},"17":{"start":{"line":74,"column":19},"end":{"line":92,"column":5}},"18":{"start":{"line":94,"column":17},"end":{"line":94,"column":31}},"19":{"start":{"line":96,"column":4},"end":{"line":96,"column":16}},"20":{"start":{"line":105,"column":19},"end":{"line":113,"column":5}},"21":{"start":{"line":115,"column":4},"end":{"line":115,"column":23}},"22":{"start":{"line":127,"column":20},"end":{"line":136,"column":5}},"23":{"start":{"line":138,"column":17},"end":{"line":138,"column":32}},"24":{"start":{"line":140,"column":4},"end":{"line":140,"column":63}},"25":{"start":{"line":140,"column":15},"end":{"line":140,"column":63}},"26":{"start":{"line":142,"column":4},"end":{"line":142,"column":16}},"27":{"start":{"line":163,"column":4},"end":{"line":165,"column":5}},"28":{"start":{"line":164,"column":6},"end":{"line":164,"column":75}},"29":{"start":{"line":167,"column":32},"end":{"line":173,"column":10}},"30":{"start":{"line":174,"column":27},"end":{"line":174,"column":52}},"31":{"start":{"line":176,"column":21},"end":{"line":183,"column":54}},"32":{"start":{"line":184,"column":19},"end":{"line":184,"column":66}},"33":{"start":{"line":185,"column":17},"end":{"line":185,"column":31}},"34":{"start":{"line":187,"column":4},"end":{"line":187,"column":63}},"35":{"start":{"line":187,"column":15},"end":{"line":187,"column":63}},"36":{"start":{"line":189,"column":4},"end":{"line":189,"column":25}},"37":{"start":{"line":190,"column":4},"end":{"line":190,"column":16}},"38":{"start":{"line":196,"column":17},"end":{"line":202,"column":5}},"39":{"start":{"line":203,"column":17},"end":{"line":203,"column":31}},"40":{"start":{"line":205,"column":4},"end":{"line":205,"column":63}},"41":{"start":{"line":205,"column":15},"end":{"line":205,"column":63}},"42":{"start":{"line":210,"column":0},"end":{"line":210,"column":22}}},"fnMap":{"0":{"name":"(anonymous_0)","decl":{"start":{"line":24,"column":2},"end":{"line":24,"column":3}},"loc":{"start":{"line":24,"column":48},"end":{"line":50,"column":3}},"line":24},"1":{"name":"(anonymous_1)","decl":{"start":{"line":59,"column":2},"end":{"line":59,"column":3}},"loc":{"start":{"line":60,"column":67},"end":{"line":97,"column":3}},"line":60},"2":{"name":"(anonymous_2)","decl":{"start":{"line":104,"column":2},"end":{"line":104,"column":3}},"loc":{"start":{"line":104,"column":25},"end":{"line":116,"column":3}},"line":104},"3":{"name":"(anonymous_3)","decl":{"start":{"line":126,"column":2},"end":{"line":126,"column":3}},"loc":{"start":{"line":126,"column":29},"end":{"line":143,"column":3}},"line":126},"4":{"name":"(anonymous_4)","decl":{"start":{"line":162,"column":2},"end":{"line":162,"column":3}},"loc":{"start":{"line":162,"column":38},"end":{"line":191,"column":3}},"line":162},"5":{"name":"(anonymous_5)","decl":{"start":{"line":195,"column":2},"end":{"line":195,"column":3}},"loc":{"start":{"line":195,"column":32},"end":{"line":206,"column":3}},"line":195}},"branchMap":{"0":{"loc":{"start":{"line":40,"column":4},"end":{"line":47,"column":5}},"type":"if","locations":[{"start":{"line":40,"column":4},"end":{"line":47,"column":5}},{"start":{"line":40,"column":4},"end":{"line":47,"column":5}}],"line":40},"1":{"loc":{"start":{"line":43,"column":6},"end":{"line":46,"column":7}},"type":"if","locations":[{"start":{"line":43,"column":6},"end":{"line":46,"column":7}},{"start":{"line":43,"column":6},"end":{"line":46,"column":7}}],"line":43},"2":{"loc":{"start":{"line":68,"column":4},"end":{"line":70,"column":5}},"type":"if","locations":[{"start":{"line":68,"column":4},"end":{"line":70,"column":5}},{"start":{"line":68,"column":4},"end":{"line":70,"column":5}}],"line":68},"3":{"loc":{"start":{"line":140,"column":4},"end":{"line":140,"column":63}},"type":"if","locations":[{"start":{"line":140,"column":4},"end":{"line":140,"column":63}},{"start":{"line":140,"column":4},"end":{"line":140,"column":63}}],"line":140},"4":{"loc":{"start":{"line":163,"column":4},"end":{"line":165,"column":5}},"type":"if","locations":[{"start":{"line":163,"column":4},"end":{"line":165,"column":5}},{"start":{"line":163,"column":4},"end":{"line":165,"column":5}}],"line":163},"5":{"loc":{"start":{"line":187,"column":4},"end":{"line":187,"column":63}},"type":"if","locations":[{"start":{"line":187,"column":4},"end":{"line":187,"column":63}},{"start":{"line":187,"column":4},"end":{"line":187,"column":63}}],"line":187},"6":{"loc":{"start":{"line":205,"column":4},"end":{"line":205,"column":63}},"type":"if","locations":[{"start":{"line":205,"column":4},"end":{"line":205,"column":63}},{"start":{"line":205,"column":4},"end":{"line":205,"column":63}}],"line":205}},"s":{"0":5,"1":5,"2":5,"3":5,"4":5,"5":7,"6":7,"7":7,"8":4,"9":4,"10":3,"11":3,"12":4,"13":16,"14":16,"15":1,"16":15,"17":15,"18":15,"19":15,"20":3,"21":2,"22":4,"23":4,"24":4,"25":2,"26":2,"27":7,"28":2,"29":7,"30":6,"31":6,"32":6,"33":6,"34":6,"35":2,"36":4,"37":4,"38":4,"39":4,"40":4,"41":2,"42":5},"f":{"0":7,"1":16,"2":3,"3":4,"4":7,"5":4},"b":{"0":[4,3],"1":[3,1],"2":[1,15],"3":[2,2],"4":[2,5],"5":[2,4],"6":[2,2]},"_coverageSchema":"1a1c01bbd47fc00a2c39e90264f33305004495a9","hash":"d31a5933d9945510f4950753e4614edc5b1c1e3f"}
,"/Users/natedeakers/Desktop/Rithm_Exercises/Week_7/express-jobly/routes/_testCommon.js": {"path":"/Users/natedeakers/Desktop/Rithm_Exercises/Week_7/express-jobly/routes/_testCommon.js","statementMap":{"0":{"start":{"line":3,"column":11},"end":{"line":3,"column":30}},"1":{"start":{"line":4,"column":13},"end":{"line":4,"column":38}},"2":{"start":{"line":5,"column":16},"end":{"line":5,"column":44}},"3":{"start":{"line":6,"column":24},"end":{"line":6,"column":52}},"4":{"start":{"line":10,"column":2},"end":{"line":10,"column":38}},"5":{"start":{"line":12,"column":2},"end":{"line":12,"column":42}},"6":{"start":{"line":14,"column":2},"end":{"line":21,"column":9}},"7":{"start":{"line":22,"column":2},"end":{"line":29,"column":9}},"8":{"start":{"line":30,"column":2},"end":{"line":37,"column":9}},"9":{"start":{"line":39,"column":2},"end":{"line":46,"column":5}},"10":{"start":{"line":47,"column":2},"end":{"line":54,"column":5}},"11":{"start":{"line":55,"column":2},"end":{"line":62,"column":5}},"12":{"start":{"line":66,"column":2},"end":{"line":66,"column":26}},"13":{"start":{"line":70,"column":2},"end":{"line":70,"column":29}},"14":{"start":{"line":74,"column":2},"end":{"line":74,"column":17}},"15":{"start":{"line":78,"column":16},"end":{"line":78,"column":63}},"16":{"start":{"line":81,"column":0},"end":{"line":87,"column":2}}},"fnMap":{"0":{"name":"commonBeforeAll","decl":{"start":{"line":8,"column":15},"end":{"line":8,"column":30}},"loc":{"start":{"line":8,"column":33},"end":{"line":63,"column":1}},"line":8},"1":{"name":"commonBeforeEach","decl":{"start":{"line":65,"column":15},"end":{"line":65,"column":31}},"loc":{"start":{"line":65,"column":34},"end":{"line":67,"column":1}},"line":65},"2":{"name":"commonAfterEach","decl":{"start":{"line":69,"column":15},"end":{"line":69,"column":30}},"loc":{"start":{"line":69,"column":33},"end":{"line":71,"column":1}},"line":69},"3":{"name":"commonAfterAll","decl":{"start":{"line":73,"column":15},"end":{"line":73,"column":29}},"loc":{"start":{"line":73,"column":32},"end":{"line":75,"column":1}},"line":73}},"branchMap":{},"s":{"0":3,"1":3,"2":3,"3":3,"4":3,"5":3,"6":3,"7":3,"8":3,"9":3,"10":3,"11":3,"12":43,"13":43,"14":3,"15":3,"16":3},"f":{"0":3,"1":43,"2":43,"3":3},"b":{},"_coverageSchema":"1a1c01bbd47fc00a2c39e90264f33305004495a9","hash":"5de32072d9537e9ca21a09fc22c43c91cbca01c2"}
,"/Users/natedeakers/Desktop/Rithm_Exercises/Week_7/express-jobly/routes/auth.js": {"path":"/Users/natedeakers/Desktop/Rithm_Exercises/Week_7/express-jobly/routes/auth.js","statementMap":{"0":{"start":{"line":5,"column":19},"end":{"line":5,"column":40}},"1":{"start":{"line":7,"column":13},"end":{"line":7,"column":38}},"2":{"start":{"line":8,"column":16},"end":{"line":8,"column":34}},"3":{"start":{"line":9,"column":15},"end":{"line":9,"column":35}},"4":{"start":{"line":10,"column":24},"end":{"line":10,"column":52}},"5":{"start":{"line":11,"column":23},"end":{"line":11,"column":58}},"6":{"start":{"line":12,"column":27},"end":{"line":12,"column":66}},"7":{"start":{"line":13,"column":28},"end":{"line":13,"column":54}},"8":{"start":{"line":22,"column":0},"end":{"line":33,"column":3}},"9":{"start":{"line":23,"column":20},"end":{"line":23,"column":65}},"10":{"start":{"line":24,"column":2},"end":{"line":27,"column":3}},"11":{"start":{"line":25,"column":17},"end":{"line":25,"column":51}},"12":{"start":{"line":25,"column":43},"end":{"line":25,"column":50}},"13":{"start":{"line":26,"column":4},"end":{"line":26,"column":36}},"14":{"start":{"line":29,"column":33},"end":{"line":29,"column":41}},"15":{"start":{"line":30,"column":15},"end":{"line":30,"column":58}},"16":{"start":{"line":31,"column":16},"end":{"line":31,"column":33}},"17":{"start":{"line":32,"column":2},"end":{"line":32,"column":29}},"18":{"start":{"line":45,"column":0},"end":{"line":55,"column":3}},"19":{"start":{"line":46,"column":20},"end":{"line":46,"column":69}},"20":{"start":{"line":47,"column":2},"end":{"line":50,"column":3}},"21":{"start":{"line":48,"column":17},"end":{"line":48,"column":51}},"22":{"start":{"line":48,"column":43},"end":{"line":48,"column":50}},"23":{"start":{"line":49,"column":4},"end":{"line":49,"column":36}},"24":{"start":{"line":52,"column":18},"end":{"line":52,"column":70}},"25":{"start":{"line":53,"column":16},"end":{"line":53,"column":36}},"26":{"start":{"line":54,"column":2},"end":{"line":54,"column":41}},"27":{"start":{"line":58,"column":0},"end":{"line":58,"column":24}}},"fnMap":{"0":{"name":"(anonymous_0)","decl":{"start":{"line":22,"column":22},"end":{"line":22,"column":23}},"loc":{"start":{"line":22,"column":54},"end":{"line":33,"column":1}},"line":22},"1":{"name":"(anonymous_1)","decl":{"start":{"line":25,"column":38},"end":{"line":25,"column":39}},"loc":{"start":{"line":25,"column":43},"end":{"line":25,"column":50}},"line":25},"2":{"name":"(anonymous_2)","decl":{"start":{"line":45,"column":25},"end":{"line":45,"column":26}},"loc":{"start":{"line":45,"column":57},"end":{"line":55,"column":1}},"line":45},"3":{"name":"(anonymous_3)","decl":{"start":{"line":48,"column":38},"end":{"line":48,"column":39}},"loc":{"start":{"line":48,"column":43},"end":{"line":48,"column":50}},"line":48}},"branchMap":{"0":{"loc":{"start":{"line":24,"column":2},"end":{"line":27,"column":3}},"type":"if","locations":[{"start":{"line":24,"column":2},"end":{"line":27,"column":3}},{"start":{"line":24,"column":2},"end":{"line":27,"column":3}}],"line":24},"1":{"loc":{"start":{"line":47,"column":2},"end":{"line":50,"column":3}},"type":"if","locations":[{"start":{"line":47,"column":2},"end":{"line":50,"column":3}},{"start":{"line":47,"column":2},"end":{"line":50,"column":3}}],"line":47}},"s":{"0":4,"1":4,"2":4,"3":4,"4":4,"5":4,"6":4,"7":4,"8":4,"9":5,"10":5,"11":2,"12":2,"13":2,"14":3,"15":3,"16":1,"17":1,"18":4,"19":3,"20":3,"21":2,"22":5,"23":2,"24":1,"25":1,"26":1,"27":4},"f":{"0":5,"1":2,"2":3,"3":5},"b":{"0":[2,3],"1":[2,1]},"_coverageSchema":"1a1c01bbd47fc00a2c39e90264f33305004495a9","hash":"3aab74ed3c12e8ee965b0cf84be8f39780adee4c"}
,"/Users/natedeakers/Desktop/Rithm_Exercises/Week_7/express-jobly/routes/companies.js": {"path":"/Users/natedeakers/Desktop/Rithm_Exercises/Week_7/express-jobly/routes/companies.js","statementMap":{"0":{"start":{"line":5,"column":19},"end":{"line":5,"column":40}},"1":{"start":{"line":6,"column":16},"end":{"line":6,"column":34}},"2":{"start":{"line":8,"column":28},"end":{"line":8,"column":54}},"3":{"start":{"line":9,"column":27},"end":{"line":9,"column":56}},"4":{"start":{"line":10,"column":16},"end":{"line":10,"column":44}},"5":{"start":{"line":12,"column":25},"end":{"line":12,"column":62}},"6":{"start":{"line":13,"column":28},"end":{"line":13,"column":68}},"7":{"start":{"line":15,"column":15},"end":{"line":15,"column":35}},"8":{"start":{"line":27,"column":0},"end":{"line":36,"column":3}},"9":{"start":{"line":28,"column":20},"end":{"line":28,"column":67}},"10":{"start":{"line":29,"column":2},"end":{"line":32,"column":3}},"11":{"start":{"line":30,"column":17},"end":{"line":30,"column":51}},"12":{"start":{"line":30,"column":43},"end":{"line":30,"column":50}},"13":{"start":{"line":31,"column":4},"end":{"line":31,"column":36}},"14":{"start":{"line":34,"column":18},"end":{"line":34,"column":48}},"15":{"start":{"line":35,"column":2},"end":{"line":35,"column":43}},"16":{"start":{"line":49,"column":0},"end":{"line":56,"column":3}},"17":{"start":{"line":50,"column":18},"end":{"line":50,"column":27}},"18":{"start":{"line":51,"column":2},"end":{"line":53,"column":3}},"19":{"start":{"line":52,"column":4},"end":{"line":52,"column":34}},"20":{"start":{"line":54,"column":20},"end":{"line":54,"column":43}},"21":{"start":{"line":55,"column":2},"end":{"line":55,"column":33}},"22":{"start":{"line":66,"column":0},"end":{"line":69,"column":3}},"23":{"start":{"line":67,"column":18},"end":{"line":67,"column":54}},"24":{"start":{"line":68,"column":2},"end":{"line":68,"column":31}},"25":{"start":{"line":82,"column":0},"end":{"line":91,"column":3}},"26":{"start":{"line":83,"column":20},"end":{"line":83,"column":70}},"27":{"start":{"line":84,"column":2},"end":{"line":87,"column":3}},"28":{"start":{"line":85,"column":17},"end":{"line":85,"column":51}},"29":{"start":{"line":85,"column":43},"end":{"line":85,"column":50}},"30":{"start":{"line":86,"column":4},"end":{"line":86,"column":36}},"31":{"start":{"line":89,"column":18},"end":{"line":89,"column":67}},"32":{"start":{"line":90,"column":2},"end":{"line":90,"column":31}},"33":{"start":{"line":98,"column":0},"end":{"line":101,"column":3}},"34":{"start":{"line":99,"column":2},"end":{"line":99,"column":42}},"35":{"start":{"line":100,"column":2},"end":{"line":100,"column":50}},"36":{"start":{"line":104,"column":0},"end":{"line":104,"column":24}}},"fnMap":{"0":{"name":"(anonymous_0)","decl":{"start":{"line":27,"column":33},"end":{"line":27,"column":34}},"loc":{"start":{"line":27,"column":65},"end":{"line":36,"column":1}},"line":27},"1":{"name":"(anonymous_1)","decl":{"start":{"line":30,"column":38},"end":{"line":30,"column":39}},"loc":{"start":{"line":30,"column":43},"end":{"line":30,"column":50}},"line":30},"2":{"name":"(anonymous_2)","decl":{"start":{"line":49,"column":16},"end":{"line":49,"column":17}},"loc":{"start":{"line":49,"column":48},"end":{"line":56,"column":1}},"line":49},"3":{"name":"(anonymous_3)","decl":{"start":{"line":66,"column":23},"end":{"line":66,"column":24}},"loc":{"start":{"line":66,"column":55},"end":{"line":69,"column":1}},"line":66},"4":{"name":"(anonymous_4)","decl":{"start":{"line":82,"column":41},"end":{"line":82,"column":42}},"loc":{"start":{"line":82,"column":73},"end":{"line":91,"column":1}},"line":82},"5":{"name":"(anonymous_5)","decl":{"start":{"line":85,"column":38},"end":{"line":85,"column":39}},"loc":{"start":{"line":85,"column":43},"end":{"line":85,"column":50}},"line":85},"6":{"name":"(anonymous_6)","decl":{"start":{"line":98,"column":42},"end":{"line":98,"column":43}},"loc":{"start":{"line":98,"column":74},"end":{"line":101,"column":1}},"line":98}},"branchMap":{"0":{"loc":{"start":{"line":29,"column":2},"end":{"line":32,"column":3}},"type":"if","locations":[{"start":{"line":29,"column":2},"end":{"line":32,"column":3}},{"start":{"line":29,"column":2},"end":{"line":32,"column":3}}],"line":29},"1":{"loc":{"start":{"line":51,"column":2},"end":{"line":53,"column":3}},"type":"if","locations":[{"start":{"line":51,"column":2},"end":{"line":53,"column":3}},{"start":{"line":51,"column":2},"end":{"line":53,"column":3}}],"line":51},"2":{"loc":{"start":{"line":84,"column":2},"end":{"line":87,"column":3}},"type":"if","locations":[{"start":{"line":84,"column":2},"end":{"line":87,"column":3}},{"start":{"line":84,"column":2},"end":{"line":87,"column":3}}],"line":84}},"s":{"0":4,"1":4,"2":4,"3":4,"4":4,"5":4,"6":4,"7":4,"8":4,"9":3,"10":3,"11":2,"12":3,"13":2,"14":1,"15":1,"16":4,"17":2,"18":2,"19":0,"20":2,"21":1,"22":4,"23":3,"24":2,"25":4,"26":4,"27":4,"28":2,"29":2,"30":2,"31":2,"32":1,"33":4,"34":2,"35":1,"36":4},"f":{"0":3,"1":3,"2":2,"3":3,"4":4,"5":2,"6":2},"b":{"0":[2,1],"1":[0,2],"2":[2,2]},"_coverageSchema":"1a1c01bbd47fc00a2c39e90264f33305004495a9","hash":"1955759c53ebaa64667d9f120e41354d82a10052"}
,"/Users/natedeakers/Desktop/Rithm_Exercises/Week_7/express-jobly/routes/users.js": {"path":"/Users/natedeakers/Desktop/Rithm_Exercises/Week_7/express-jobly/routes/users.js","statementMap":{"0":{"start":{"line":5,"column":19},"end":{"line":5,"column":40}},"1":{"start":{"line":7,"column":16},"end":{"line":7,"column":34}},"2":{"start":{"line":8,"column":27},"end":{"line":8,"column":56}},"3":{"start":{"line":9,"column":28},"end":{"line":9,"column":54}},"4":{"start":{"line":10,"column":13},"end":{"line":10,"column":38}},"5":{"start":{"line":11,"column":24},"end":{"line":11,"column":52}},"6":{"start":{"line":12,"column":22},"end":{"line":12,"column":56}},"7":{"start":{"line":13,"column":25},"end":{"line":13,"column":62}},"8":{"start":{"line":15,"column":15},"end":{"line":15,"column":31}},"9":{"start":{"line":30,"column":0},"end":{"line":40,"column":3}},"10":{"start":{"line":31,"column":20},"end":{"line":31,"column":64}},"11":{"start":{"line":32,"column":2},"end":{"line":35,"column":3}},"12":{"start":{"line":33,"column":17},"end":{"line":33,"column":51}},"13":{"start":{"line":33,"column":43},"end":{"line":33,"column":50}},"14":{"start":{"line":34,"column":4},"end":{"line":34,"column":36}},"15":{"start":{"line":37,"column":15},"end":{"line":37,"column":44}},"16":{"start":{"line":38,"column":16},"end":{"line":38,"column":33}},"17":{"start":{"line":39,"column":2},"end":{"line":39,"column":47}},"18":{"start":{"line":50,"column":0},"end":{"line":53,"column":3}},"19":{"start":{"line":51,"column":16},"end":{"line":51,"column":36}},"20":{"start":{"line":52,"column":2},"end":{"line":52,"column":29}},"21":{"start":{"line":63,"column":0},"end":{"line":66,"column":3}},"22":{"start":{"line":64,"column":15},"end":{"line":64,"column":50}},"23":{"start":{"line":65,"column":2},"end":{"line":65,"column":28}},"24":{"start":{"line":79,"column":0},"end":{"line":88,"column":3}},"25":{"start":{"line":80,"column":20},"end":{"line":80,"column":67}},"26":{"start":{"line":81,"column":2},"end":{"line":84,"column":3}},"27":{"start":{"line":82,"column":17},"end":{"line":82,"column":51}},"28":{"start":{"line":82,"column":43},"end":{"line":82,"column":50}},"29":{"start":{"line":83,"column":4},"end":{"line":83,"column":36}},"30":{"start":{"line":86,"column":15},"end":{"line":86,"column":63}},"31":{"start":{"line":87,"column":2},"end":{"line":87,"column":28}},"32":{"start":{"line":96,"column":0},"end":{"line":99,"column":3}},"33":{"start":{"line":97,"column":2},"end":{"line":97,"column":41}},"34":{"start":{"line":98,"column":2},"end":{"line":98,"column":52}},"35":{"start":{"line":102,"column":0},"end":{"line":102,"column":24}}},"fnMap":{"0":{"name":"(anonymous_0)","decl":{"start":{"line":30,"column":33},"end":{"line":30,"column":34}},"loc":{"start":{"line":30,"column":65},"end":{"line":40,"column":1}},"line":30},"1":{"name":"(anonymous_1)","decl":{"start":{"line":33,"column":38},"end":{"line":33,"column":39}},"loc":{"start":{"line":33,"column":43},"end":{"line":33,"column":50}},"line":33},"2":{"name":"(anonymous_2)","decl":{"start":{"line":50,"column":32},"end":{"line":50,"column":33}},"loc":{"start":{"line":50,"column":64},"end":{"line":53,"column":1}},"line":50},"3":{"name":"(anonymous_3)","decl":{"start":{"line":63,"column":41},"end":{"line":63,"column":42}},"loc":{"start":{"line":63,"column":73},"end":{"line":66,"column":1}},"line":63},"4":{"name":"(anonymous_4)","decl":{"start":{"line":79,"column":43},"end":{"line":79,"column":44}},"loc":{"start":{"line":79,"column":75},"end":{"line":88,"column":1}},"line":79},"5":{"name":"(anonymous_5)","decl":{"start":{"line":82,"column":38},"end":{"line":82,"column":39}},"loc":{"start":{"line":82,"column":43},"end":{"line":82,"column":50}},"line":82},"6":{"name":"(anonymous_6)","decl":{"start":{"line":96,"column":44},"end":{"line":96,"column":45}},"loc":{"start":{"line":96,"column":76},"end":{"line":99,"column":1}},"line":96}},"branchMap":{"0":{"loc":{"start":{"line":32,"column":2},"end":{"line":35,"column":3}},"type":"if","locations":[{"start":{"line":32,"column":2},"end":{"line":35,"column":3}},{"start":{"line":32,"column":2},"end":{"line":35,"column":3}}],"line":32},"1":{"loc":{"start":{"line":81,"column":2},"end":{"line":84,"column":3}},"type":"if","locations":[{"start":{"line":81,"column":2},"end":{"line":84,"column":3}},{"start":{"line":81,"column":2},"end":{"line":84,"column":3}}],"line":81}},"s":{"0":4,"1":4,"2":4,"3":4,"4":4,"5":4,"6":4,"7":4,"8":4,"9":4,"10":4,"11":4,"12":2,"13":5,"14":2,"15":2,"16":2,"17":2,"18":4,"19":2,"20":1,"21":4,"22":2,"23":1,"24":4,"25":4,"26":4,"27":1,"28":1,"29":1,"30":3,"31":2,"32":4,"33":2,"34":1,"35":4},"f":{"0":4,"1":5,"2":2,"3":2,"4":4,"5":1,"6":2},"b":{"0":[2,2],"1":[1,3]},"_coverageSchema":"1a1c01bbd47fc00a2c39e90264f33305004495a9","hash":"b2ccfc3113443cbc0b4cede25613c6740e49c07f"}
}
