{"/Users/natedeakers/Desktop/Rithm_Exercises/Week_7/express-jobly/config.js": {"path":"/Users/natedeakers/Desktop/Rithm_Exercises/Week_7/express-jobly/config.js","statementMap":{"0":{"start":{"line":5,"column":0},"end":{"line":5,"column":27}},"1":{"start":{"line":6,"column":0},"end":{"line":6,"column":18}},"2":{"start":{"line":8,"column":19},"end":{"line":8,"column":57}},"3":{"start":{"line":10,"column":13},"end":{"line":10,"column":38}},"4":{"start":{"line":14,"column":2},"end":{"line":16,"column":44}},"5":{"start":{"line":22,"column":27},"end":{"line":22,"column":67}},"6":{"start":{"line":24,"column":0},"end":{"line":24,"column":35}},"7":{"start":{"line":25,"column":0},"end":{"line":25,"column":46}},"8":{"start":{"line":26,"column":0},"end":{"line":26,"column":45}},"9":{"start":{"line":27,"column":0},"end":{"line":27,"column":61}},"10":{"start":{"line":28,"column":0},"end":{"line":28,"column":50}},"11":{"start":{"line":29,"column":0},"end":{"line":29,"column":19}},"12":{"start":{"line":31,"column":0},"end":{"line":36,"column":2}}},"fnMap":{"0":{"name":"getDatabaseUri","decl":{"start":{"line":13,"column":9},"end":{"line":13,"column":23}},"loc":{"start":{"line":13,"column":26},"end":{"line":17,"column":1}},"line":13}},"branchMap":{"0":{"loc":{"start":{"line":8,"column":19},"end":{"line":8,"column":57}},"type":"binary-expr","locations":[{"start":{"line":8,"column":19},"end":{"line":8,"column":41}},{"start":{"line":8,"column":45},"end":{"line":8,"column":57}}],"line":8},"1":{"loc":{"start":{"line":10,"column":13},"end":{"line":10,"column":38}},"type":"binary-expr","locations":[{"start":{"line":10,"column":13},"end":{"line":10,"column":30}},{"start":{"line":10,"column":34},"end":{"line":10,"column":38}}],"line":10},"2":{"loc":{"start":{"line":14,"column":9},"end":{"line":16,"column":43}},"type":"cond-expr","locations":[{"start":{"line":15,"column":8},"end":{"line":15,"column":20}},{"start":{"line":16,"column":8},"end":{"line":16,"column":43}}],"line":14},"3":{"loc":{"start":{"line":16,"column":8},"end":{"line":16,"column":43}},"type":"binary-expr","locations":[{"start":{"line":16,"column":8},"end":{"line":16,"column":32}},{"start":{"line":16,"column":36},"end":{"line":16,"column":43}}],"line":16},"4":{"loc":{"start":{"line":22,"column":27},"end":{"line":22,"column":67}},"type":"cond-expr","locations":[{"start":{"line":22,"column":61},"end":{"line":22,"column":62}},{"start":{"line":22,"column":65},"end":{"line":22,"column":67}}],"line":22}},"s":{"0":1,"1":1,"2":1,"3":1,"4":2,"5":1,"6":1,"7":1,"8":1,"9":1,"10":1,"11":1,"12":1},"f":{"0":2},"b":{"0":[1,1],"1":[1,1],"2":[2,0],"3":[0,0],"4":[1,0]},"_coverageSchema":"1a1c01bbd47fc00a2c39e90264f33305004495a9","hash":"3296e3ef67d24077e26f17fd0c596459d6669391"}
,"/Users/natedeakers/Desktop/Rithm_Exercises/Week_7/express-jobly/db.js": {"path":"/Users/natedeakers/Desktop/Rithm_Exercises/Week_7/express-jobly/db.js","statementMap":{"0":{"start":{"line":5,"column":19},"end":{"line":5,"column":32}},"1":{"start":{"line":6,"column":27},"end":{"line":6,"column":46}},"2":{"start":{"line":8,"column":11},"end":{"line":10,"column":2}},"3":{"start":{"line":12,"column":0},"end":{"line":12,"column":13}},"4":{"start":{"line":14,"column":0},"end":{"line":14,"column":20}}},"fnMap":{},"branchMap":{},"s":{"0":1,"1":1,"2":1,"3":1,"4":1},"f":{},"b":{},"_coverageSchema":"1a1c01bbd47fc00a2c39e90264f33305004495a9","hash":"acd44811f6303052c3fb3dfe78de5b383f82ccc5"}
,"/Users/natedeakers/Desktop/Rithm_Exercises/Week_7/express-jobly/expressError.js": {"path":"/Users/natedeakers/Desktop/Rithm_Exercises/Week_7/express-jobly/expressError.js","statementMap":{"0":{"start":{"line":9,"column":4},"end":{"line":9,"column":12}},"1":{"start":{"line":10,"column":4},"end":{"line":10,"column":27}},"2":{"start":{"line":11,"column":4},"end":{"line":11,"column":25}},"3":{"start":{"line":19,"column":4},"end":{"line":19,"column":24}},"4":{"start":{"line":27,"column":4},"end":{"line":27,"column":24}},"5":{"start":{"line":35,"column":4},"end":{"line":35,"column":24}},"6":{"start":{"line":43,"column":4},"end":{"line":43,"column":24}},"7":{"start":{"line":47,"column":0},"end":{"line":53,"column":2}}},"fnMap":{"0":{"name":"(anonymous_0)","decl":{"start":{"line":8,"column":2},"end":{"line":8,"column":3}},"loc":{"start":{"line":8,"column":31},"end":{"line":12,"column":3}},"line":8},"1":{"name":"(anonymous_1)","decl":{"start":{"line":18,"column":2},"end":{"line":18,"column":3}},"loc":{"start":{"line":18,"column":37},"end":{"line":20,"column":3}},"line":18},"2":{"name":"(anonymous_2)","decl":{"start":{"line":26,"column":2},"end":{"line":26,"column":3}},"loc":{"start":{"line":26,"column":40},"end":{"line":28,"column":3}},"line":26},"3":{"name":"(anonymous_3)","decl":{"start":{"line":34,"column":2},"end":{"line":34,"column":3}},"loc":{"start":{"line":34,"column":39},"end":{"line":36,"column":3}},"line":34},"4":{"name":"(anonymous_4)","decl":{"start":{"line":42,"column":2},"end":{"line":42,"column":3}},"loc":{"start":{"line":42,"column":39},"end":{"line":44,"column":3}},"line":42}},"branchMap":{"0":{"loc":{"start":{"line":18,"column":14},"end":{"line":18,"column":35}},"type":"default-arg","locations":[{"start":{"line":18,"column":24},"end":{"line":18,"column":35}}],"line":18},"1":{"loc":{"start":{"line":26,"column":14},"end":{"line":26,"column":38}},"type":"default-arg","locations":[{"start":{"line":26,"column":24},"end":{"line":26,"column":38}}],"line":26},"2":{"loc":{"start":{"line":34,"column":14},"end":{"line":34,"column":37}},"type":"default-arg","locations":[{"start":{"line":34,"column":24},"end":{"line":34,"column":37}}],"line":34},"3":{"loc":{"start":{"line":42,"column":14},"end":{"line":42,"column":37}},"type":"default-arg","locations":[{"start":{"line":42,"column":24},"end":{"line":42,"column":37}}],"line":42}},"s":{"0":5,"1":5,"2":5,"3":3,"4":0,"5":2,"6":0,"7":1},"f":{"0":5,"1":3,"2":0,"3":2,"4":0},"b":{"0":[0],"1":[0],"2":[0],"3":[0]},"_coverageSchema":"1a1c01bbd47fc00a2c39e90264f33305004495a9","hash":"69139d43053e80a361d3e6b0822db865fa53f889"}
,"/Users/natedeakers/Desktop/Rithm_Exercises/Week_7/express-jobly/helpers/sql.js": {"path":"/Users/natedeakers/Desktop/Rithm_Exercises/Week_7/express-jobly/helpers/sql.js","statementMap":{"0":{"start":{"line":1,"column":28},"end":{"line":1,"column":54}},"1":{"start":{"line":23,"column":2},"end":{"line":23,"column":46}},"2":{"start":{"line":24,"column":2},"end":{"line":24,"column":37}},"3":{"start":{"line":25,"column":15},"end":{"line":25,"column":40}},"4":{"start":{"line":26,"column":2},"end":{"line":26,"column":62}},"5":{"start":{"line":26,"column":25},"end":{"line":26,"column":62}},"6":{"start":{"line":29,"column":15},"end":{"line":31,"column":3}},"7":{"start":{"line":30,"column":6},"end":{"line":30,"column":52}},"8":{"start":{"line":33,"column":2},"end":{"line":36,"column":4}},"9":{"start":{"line":39,"column":0},"end":{"line":39,"column":41}}},"fnMap":{"0":{"name":"sqlForPartialUpdate","decl":{"start":{"line":22,"column":9},"end":{"line":22,"column":28}},"loc":{"start":{"line":22,"column":52},"end":{"line":37,"column":1}},"line":22},"1":{"name":"(anonymous_1)","decl":{"start":{"line":29,"column":24},"end":{"line":29,"column":25}},"loc":{"start":{"line":30,"column":6},"end":{"line":30,"column":52}},"line":30}},"branchMap":{"0":{"loc":{"start":{"line":26,"column":2},"end":{"line":26,"column":62}},"type":"if","locations":[{"start":{"line":26,"column":2},"end":{"line":26,"column":62}},{"start":{"line":26,"column":2},"end":{"line":26,"column":62}}],"line":26},"1":{"loc":{"start":{"line":30,"column":10},"end":{"line":30,"column":37}},"type":"binary-expr","locations":[{"start":{"line":30,"column":10},"end":{"line":30,"column":26}},{"start":{"line":30,"column":30},"end":{"line":30,"column":37}}],"line":30}},"s":{"0":1,"1":4,"2":4,"3":4,"4":4,"5":1,"6":3,"7":12,"8":3,"9":1},"f":{"0":4,"1":12},"b":{"0":[1,3],"1":[12,6]},"_coverageSchema":"1a1c01bbd47fc00a2c39e90264f33305004495a9","hash":"a7a67b0d77429bc21cacec45c65bb853b50ba5ad"}
,"/Users/natedeakers/Desktop/Rithm_Exercises/Week_7/express-jobly/models/_testCommon.js": {"path":"/Users/natedeakers/Desktop/Rithm_Exercises/Week_7/express-jobly/models/_testCommon.js","statementMap":{"0":{"start":{"line":1,"column":15},"end":{"line":1,"column":32}},"1":{"start":{"line":3,"column":11},"end":{"line":3,"column":30}},"2":{"start":{"line":4,"column":31},"end":{"line":4,"column":51}},"3":{"start":{"line":8,"column":2},"end":{"line":8,"column":42}},"4":{"start":{"line":10,"column":2},"end":{"line":10,"column":38}},"5":{"start":{"line":12,"column":2},"end":{"line":16,"column":55}},"6":{"start":{"line":18,"column":2},"end":{"line":30,"column":9}},"7":{"start":{"line":34,"column":2},"end":{"line":34,"column":26}},"8":{"start":{"line":38,"column":2},"end":{"line":38,"column":29}},"9":{"start":{"line":42,"column":2},"end":{"line":42,"column":17}},"10":{"start":{"line":46,"column":0},"end":{"line":51,"column":2}}},"fnMap":{"0":{"name":"commonBeforeAll","decl":{"start":{"line":6,"column":15},"end":{"line":6,"column":30}},"loc":{"start":{"line":6,"column":33},"end":{"line":31,"column":1}},"line":6},"1":{"name":"commonBeforeEach","decl":{"start":{"line":33,"column":15},"end":{"line":33,"column":31}},"loc":{"start":{"line":33,"column":34},"end":{"line":35,"column":1}},"line":33},"2":{"name":"commonAfterEach","decl":{"start":{"line":37,"column":15},"end":{"line":37,"column":30}},"loc":{"start":{"line":37,"column":33},"end":{"line":39,"column":1}},"line":37},"3":{"name":"commonAfterAll","decl":{"start":{"line":41,"column":15},"end":{"line":41,"column":29}},"loc":{"start":{"line":41,"column":32},"end":{"line":43,"column":1}},"line":41}},"branchMap":{},"s":{"0":1,"1":1,"2":1,"3":1,"4":1,"5":1,"6":1,"7":13,"8":13,"9":1,"10":1},"f":{"0":1,"1":13,"2":13,"3":1},"b":{},"_coverageSchema":"1a1c01bbd47fc00a2c39e90264f33305004495a9","hash":"11b79b70a45ef62c49bbf96c198b41c2fdc78aa6"}
,"/Users/natedeakers/Desktop/Rithm_Exercises/Week_7/express-jobly/models/company.js": {"path":"/Users/natedeakers/Desktop/Rithm_Exercises/Week_7/express-jobly/models/company.js","statementMap":{"0":{"start":{"line":3,"column":11},"end":{"line":3,"column":27}},"1":{"start":{"line":4,"column":43},"end":{"line":4,"column":69}},"2":{"start":{"line":5,"column":32},"end":{"line":5,"column":57}},"3":{"start":{"line":20,"column":27},"end":{"line":24,"column":15}},"4":{"start":{"line":26,"column":4},"end":{"line":27,"column":64}},"5":{"start":{"line":27,"column":6},"end":{"line":27,"column":64}},"6":{"start":{"line":29,"column":19},"end":{"line":46,"column":5}},"7":{"start":{"line":47,"column":20},"end":{"line":47,"column":34}},"8":{"start":{"line":49,"column":4},"end":{"line":49,"column":19}},"9":{"start":{"line":58,"column":25},"end":{"line":65,"column":26}},"10":{"start":{"line":66,"column":4},"end":{"line":66,"column":29}},"11":{"start":{"line":78,"column":23},"end":{"line":86,"column":15}},"12":{"start":{"line":88,"column":20},"end":{"line":88,"column":38}},"13":{"start":{"line":90,"column":4},"end":{"line":90,"column":67}},"14":{"start":{"line":90,"column":18},"end":{"line":90,"column":67}},"15":{"start":{"line":92,"column":4},"end":{"line":92,"column":19}},"16":{"start":{"line":100,"column":17},"end":{"line":100,"column":42}},"17":{"start":{"line":101,"column":19},"end":{"line":101,"column":46}},"18":{"start":{"line":103,"column":4},"end":{"line":103,"column":64}},"19":{"start":{"line":103,"column":27},"end":{"line":103,"column":64}},"20":{"start":{"line":105,"column":17},"end":{"line":118,"column":6}},"21":{"start":{"line":106,"column":6},"end":{"line":106,"column":33}},"22":{"start":{"line":107,"column":6},"end":{"line":107,"column":39}},"23":{"start":{"line":108,"column":6},"end":{"line":117,"column":7}},"24":{"start":{"line":110,"column":8},"end":{"line":110,"column":43}},"25":{"start":{"line":112,"column":11},"end":{"line":117,"column":7}},"26":{"start":{"line":113,"column":8},"end":{"line":113,"column":46}},"27":{"start":{"line":115,"column":11},"end":{"line":117,"column":7}},"28":{"start":{"line":116,"column":8},"end":{"line":116,"column":46}},"29":{"start":{"line":120,"column":22},"end":{"line":120,"column":40}},"30":{"start":{"line":121,"column":4},"end":{"line":121,"column":47}},"31":{"start":{"line":123,"column":4},"end":{"line":123,"column":37}},"32":{"start":{"line":124,"column":25},"end":{"line":131,"column":61}},"33":{"start":{"line":133,"column":4},"end":{"line":133,"column":29}},"34":{"start":{"line":160,"column":32},"end":{"line":165,"column":8}},"35":{"start":{"line":166,"column":25},"end":{"line":166,"column":50}},"36":{"start":{"line":168,"column":21},"end":{"line":172,"column":100}},"37":{"start":{"line":173,"column":19},"end":{"line":173,"column":64}},"38":{"start":{"line":174,"column":20},"end":{"line":174,"column":34}},"39":{"start":{"line":176,"column":4},"end":{"line":176,"column":67}},"40":{"start":{"line":176,"column":18},"end":{"line":176,"column":67}},"41":{"start":{"line":178,"column":4},"end":{"line":178,"column":19}},"42":{"start":{"line":187,"column":19},"end":{"line":192,"column":15}},"43":{"start":{"line":193,"column":20},"end":{"line":193,"column":34}},"44":{"start":{"line":195,"column":4},"end":{"line":195,"column":67}},"45":{"start":{"line":195,"column":18},"end":{"line":195,"column":67}},"46":{"start":{"line":200,"column":0},"end":{"line":200,"column":25}}},"fnMap":{"0":{"name":"(anonymous_0)","decl":{"start":{"line":19,"column":2},"end":{"line":19,"column":3}},"loc":{"start":{"line":19,"column":76},"end":{"line":50,"column":3}},"line":19},"1":{"name":"(anonymous_1)","decl":{"start":{"line":57,"column":2},"end":{"line":57,"column":3}},"loc":{"start":{"line":57,"column":25},"end":{"line":67,"column":3}},"line":57},"2":{"name":"(anonymous_2)","decl":{"start":{"line":77,"column":2},"end":{"line":77,"column":3}},"loc":{"start":{"line":77,"column":27},"end":{"line":93,"column":3}},"line":77},"3":{"name":"(anonymous_3)","decl":{"start":{"line":99,"column":2},"end":{"line":99,"column":3}},"loc":{"start":{"line":99,"column":42},"end":{"line":134,"column":3}},"line":99},"4":{"name":"(anonymous_4)","decl":{"start":{"line":105,"column":26},"end":{"line":105,"column":27}},"loc":{"start":{"line":105,"column":49},"end":{"line":118,"column":5}},"line":105},"5":{"name":"(anonymous_5)","decl":{"start":{"line":159,"column":2},"end":{"line":159,"column":3}},"loc":{"start":{"line":159,"column":36},"end":{"line":179,"column":3}},"line":159},"6":{"name":"(anonymous_6)","decl":{"start":{"line":186,"column":2},"end":{"line":186,"column":3}},"loc":{"start":{"line":186,"column":30},"end":{"line":196,"column":3}},"line":186}},"branchMap":{"0":{"loc":{"start":{"line":26,"column":4},"end":{"line":27,"column":64}},"type":"if","locations":[{"start":{"line":26,"column":4},"end":{"line":27,"column":64}},{"start":{"line":26,"column":4},"end":{"line":27,"column":64}}],"line":26},"1":{"loc":{"start":{"line":90,"column":4},"end":{"line":90,"column":67}},"type":"if","locations":[{"start":{"line":90,"column":4},"end":{"line":90,"column":67}},{"start":{"line":90,"column":4},"end":{"line":90,"column":67}}],"line":90},"2":{"loc":{"start":{"line":103,"column":4},"end":{"line":103,"column":64}},"type":"if","locations":[{"start":{"line":103,"column":4},"end":{"line":103,"column":64}},{"start":{"line":103,"column":4},"end":{"line":103,"column":64}}],"line":103},"3":{"loc":{"start":{"line":108,"column":6},"end":{"line":117,"column":7}},"type":"if","locations":[{"start":{"line":108,"column":6},"end":{"line":117,"column":7}},{"start":{"line":108,"column":6},"end":{"line":117,"column":7}}],"line":108},"4":{"loc":{"start":{"line":112,"column":11},"end":{"line":117,"column":7}},"type":"if","locations":[{"start":{"line":112,"column":11},"end":{"line":117,"column":7}},{"start":{"line":112,"column":11},"end":{"line":117,"column":7}}],"line":112},"5":{"loc":{"start":{"line":115,"column":11},"end":{"line":117,"column":7}},"type":"if","locations":[{"start":{"line":115,"column":11},"end":{"line":117,"column":7}},{"start":{"line":115,"column":11},"end":{"line":117,"column":7}}],"line":115},"6":{"loc":{"start":{"line":176,"column":4},"end":{"line":176,"column":67}},"type":"if","locations":[{"start":{"line":176,"column":4},"end":{"line":176,"column":67}},{"start":{"line":176,"column":4},"end":{"line":176,"column":67}}],"line":176},"7":{"loc":{"start":{"line":195,"column":4},"end":{"line":195,"column":67}},"type":"if","locations":[{"start":{"line":195,"column":4},"end":{"line":195,"column":67}},{"start":{"line":195,"column":4},"end":{"line":195,"column":67}}],"line":195}},"s":{"0":1,"1":1,"2":1,"3":3,"4":3,"5":1,"6":2,"7":2,"8":2,"9":1,"10":1,"11":2,"12":2,"13":2,"14":1,"15":1,"16":2,"17":2,"18":2,"19":0,"20":2,"21":4,"22":4,"23":4,"24":2,"25":2,"26":1,"27":1,"28":1,"29":2,"30":2,"31":2,"32":2,"33":0,"34":4,"35":3,"36":3,"37":3,"38":3,"39":3,"40":1,"41":2,"42":2,"43":2,"44":2,"45":1,"46":1},"f":{"0":3,"1":1,"2":2,"3":2,"4":4,"5":4,"6":2},"b":{"0":[1,2],"1":[1,1],"2":[0,2],"3":[2,2],"4":[1,1],"5":[1,0],"6":[1,2],"7":[1,1]},"_coverageSchema":"1a1c01bbd47fc00a2c39e90264f33305004495a9","hash":"16175cc98a37da83b77e7241bdd663279341aa84"}
}
