TN:
SF:config.js
FN:13,getDatabaseUri
FNF:1
FNH:1
FNDA:2,getDatabaseUri
DA:5,1
DA:6,1
DA:8,1
DA:10,1
DA:14,2
DA:22,1
DA:24,1
DA:25,1
DA:26,1
DA:27,1
DA:28,1
DA:29,1
DA:31,1
LF:13
LH:13
BRDA:8,0,0,1
BRDA:8,0,1,1
BRDA:10,1,0,1
BRDA:10,1,1,1
BRDA:14,2,0,2
BRDA:14,2,1,0
BRDA:16,3,0,0
BRDA:16,3,1,0
BRDA:22,4,0,1
BRDA:22,4,1,0
BRF:10
BRH:6
end_of_record
TN:
SF:db.js
FNF:0
FNH:0
DA:5,1
DA:6,1
DA:8,1
DA:12,1
DA:14,1
LF:5
LH:5
BRF:0
BRH:0
end_of_record
TN:
SF:expressError.js
FN:8,(anonymous_0)
FN:18,(anonymous_1)
FN:26,(anonymous_2)
FN:34,(anonymous_3)
FN:42,(anonymous_4)
FNF:5
FNH:3
FNDA:5,(anonymous_0)
FNDA:3,(anonymous_1)
FNDA:0,(anonymous_2)
FNDA:2,(anonymous_3)
FNDA:0,(anonymous_4)
DA:9,5
DA:10,5
DA:11,5
DA:19,3
DA:27,0
DA:35,2
DA:43,0
DA:47,1
LF:8
LH:6
BRDA:18,0,0,0
BRDA:26,1,0,0
BRDA:34,2,0,0
BRDA:42,3,0,0
BRF:4
BRH:0
end_of_record
TN:
SF:helpers/sql.js
FN:22,sqlForPartialUpdate
FN:29,(anonymous_1)
FNF:2
FNH:2
FNDA:4,sqlForPartialUpdate
FNDA:12,(anonymous_1)
DA:1,1
DA:23,4
DA:24,4
DA:25,4
DA:26,4
DA:29,3
DA:30,12
DA:33,3
DA:39,1
LF:9
LH:9
BRDA:26,0,0,1
BRDA:26,0,1,3
BRDA:30,1,0,12
BRDA:30,1,1,6
BRF:4
BRH:4
end_of_record
TN:
SF:models/_testCommon.js
FN:6,commonBeforeAll
FN:33,commonBeforeEach
FN:37,commonAfterEach
FN:41,commonAfterAll
FNF:4
FNH:4
FNDA:1,commonBeforeAll
FNDA:13,commonBeforeEach
FNDA:13,commonAfterEach
FNDA:1,commonAfterAll
DA:1,1
DA:3,1
DA:4,1
DA:8,1
DA:10,1
DA:12,1
DA:18,1
DA:34,13
DA:38,13
DA:42,1
DA:46,1
LF:11
LH:11
BRF:0
BRH:0
end_of_record
TN:
SF:models/company.js
FN:19,(anonymous_0)
FN:57,(anonymous_1)
FN:77,(anonymous_2)
FN:99,(anonymous_3)
FN:105,(anonymous_4)
FN:159,(anonymous_5)
FN:186,(anonymous_6)
FNF:7
FNH:7
FNDA:3,(anonymous_0)
FNDA:1,(anonymous_1)
FNDA:2,(anonymous_2)
FNDA:2,(anonymous_3)
FNDA:4,(anonymous_4)
FNDA:4,(anonymous_5)
FNDA:2,(anonymous_6)
DA:3,1
DA:4,1
DA:5,1
DA:20,3
DA:26,3
DA:27,1
DA:29,2
DA:47,2
DA:49,2
DA:58,1
DA:66,1
DA:78,2
DA:88,2
DA:90,2
DA:92,1
DA:100,2
DA:101,2
DA:103,2
DA:105,2
DA:106,4
DA:107,4
DA:108,4
DA:110,2
DA:112,2
DA:113,1
DA:115,1
DA:116,1
DA:120,2
DA:121,2
DA:123,2
DA:124,2
DA:133,0
DA:160,4
DA:166,3
DA:168,3
DA:173,3
DA:174,3
DA:176,3
DA:178,2
DA:187,2
DA:193,2
DA:195,2
DA:200,1
LF:43
LH:42
BRDA:26,0,0,1
BRDA:26,0,1,2
BRDA:90,1,0,1
BRDA:90,1,1,1
BRDA:103,2,0,0
BRDA:103,2,1,2
BRDA:108,3,0,2
BRDA:108,3,1,2
BRDA:112,4,0,1
BRDA:112,4,1,1
BRDA:115,5,0,1
BRDA:115,5,1,0
BRDA:176,6,0,1
BRDA:176,6,1,2
BRDA:195,7,0,1
BRDA:195,7,1,1
BRF:16
BRH:14
end_of_record
